--- Copying all files to /root/.m2 at Mon Oct  3 17:03:10 UTC 2022
'./settings-docker.xml' -> '/root/.m2/./settings-docker.xml'

--- Copying individual files to /root/.m2 at Tue Oct  4 22:44:47 UTC 2022

--- Copying individual files to /root/.m2 at Tue Oct  4 22:47:43 UTC 2022

--- Copying individual files to /root/.m2 at Mon Oct 10 00:37:03 UTC 2022

--- Copying individual files to /root/.m2 at Mon Oct 10 01:57:10 UTC 2022

--- Copying individual files to /root/.m2 at Mon Oct 10 02:07:17 UTC 2022

--- Copying individual files to /root/.m2 at Mon Oct 10 02:08:47 UTC 2022

--- Copying individual files to /root/.m2 at Mon Oct 10 02:09:53 UTC 2022

--- Copying individual files to /root/.m2 at Mon Oct 10 02:32:56 UTC 2022

--- Copying individual files to /root/.m2 at Mon Oct 10 02:48:11 UTC 2022

--- Copying individual files to /root/.m2 at Tue Oct 11 00:11:42 UTC 2022

--- Copying individual files to /root/.m2 at Tue Oct 11 01:19:08 UTC 2022

--- Copying individual files to /root/.m2 at Mon Oct 31 14:03:02 UTC 2022

--- Copying individual files to /root/.m2 at Mon Oct 31 18:06:39 UTC 2022

--- Copying individual files to /root/.m2 at Tue Nov  1 20:55:04 UTC 2022

--- Copying individual files to /root/.m2 at Sun Nov  6 22:23:53 UTC 2022

--- Copying individual files to /root/.m2 at Mon Nov  7 01:00:47 UTC 2022

--- Copying individual files to /root/.m2 at Mon Nov  7 01:15:53 UTC 2022

--- Copying individual files to /root/.m2 at Mon Nov  7 01:16:44 UTC 2022

--- Copying individual files to /root/.m2 at Mon Nov  7 01:17:18 UTC 2022

--- Copying individual files to /root/.m2 at Sat Nov 12 21:14:52 UTC 2022

--- Copying individual files to /root/.m2 at Sat Nov 12 21:24:22 UTC 2022

--- Copying individual files to /root/.m2 at Sat Nov 12 21:32:57 UTC 2022

--- Copying individual files to /root/.m2 at Sat Nov 12 21:43:14 UTC 2022

--- Copying individual files to /root/.m2 at Sat Nov 12 21:50:54 UTC 2022

--- Copying individual files to /root/.m2 at Sat Nov 12 22:01:25 UTC 2022

--- Copying individual files to /root/.m2 at Sat Nov 12 22:02:31 UTC 2022

